SF:lib/core/env/prod_env.dart
DA:4,0
DA:7,0
DA:10,0
LF:3
LH:0
end_of_record
SF:lib/core/handlers/network_response_handler.dart
DA:3,0
DA:7,1
DA:11,1
DA:15,1
LF:4
LH:3
end_of_record
SF:lib/core/network_service/network_service.dart
DA:9,0
DA:10,0
DA:13,0
DA:18,0
DA:19,0
DA:20,0
DA:21,0
DA:22,0
DA:23,0
LF:9
LH:0
end_of_record
SF:lib/features/restarunts/data/data_sources.dart
DA:12,1
DA:13,2
DA:15,1
DA:17,2
LF:4
LH:4
end_of_record
SF:lib/features/restarunts/data/models.dart
DA:4,1
DA:10,1
DA:11,1
DA:12,1
DA:13,1
DA:14,1
DA:15,1
LF:7
LH:7
end_of_record
SF:lib/features/restarunts/data/repo.dart
DA:14,1
DA:15,2
DA:17,1
DA:19,2
DA:20,1
DA:22,2
DA:23,1
DA:24,2
DA:25,2
DA:27,1
DA:29,2
DA:32,2
LF:12
LH:12
end_of_record
SF:lib/features/restarunts/domain/usecases.dart
DA:9,3
DA:11,1
DA:12,2
LF:3
LH:3
end_of_record
SF:lib/features/restarunts/presentation/bloc/restarunts_bloc.dart
DA:12,1
DA:14,2
DA:15,2
DA:16,1
DA:20,1
DA:21,2
DA:23,2
DA:24,1
DA:25,3
DA:27,3
LF:10
LH:10
end_of_record
SF:lib/features/restarunts/presentation/bloc/restarunts_states.dart
DA:7,1
DA:13,1
DA:17,1
LF:3
LH:3
end_of_record
SF:lib/core/handlers/data_handlers.dart
DA:5,1
DA:9,1
DA:13,1
LF:3
LH:3
end_of_record
SF:lib/features/restarunts/domain/entities.dart
DA:7,1
LF:1
LH:1
end_of_record
